<?xml version="1.0" encoding="UTF-8"?>
<testsuite xmlns:xsi="http://www.w3.org/2001/XMLSchema-instance" xsi:noNamespaceSchemaLocation="https://maven.apache.org/surefire/maven-surefire-plugin/xsd/surefire-test-report.xsd" version="3.0.2" name="com.provet.catalogo.MedServiceTest" time="1.674" tests="6" errors="2" skipped="0" failures="1" flakes="0">
  <properties>
[...]
</properties>
  <testcase name="eliminar_medicamentoExiste_eliminaCorrectamente" classname="com.provet.catalogo.MedServiceTest" time="1.466">
    <error message="&#10;Unnecessary stubbings detected.&#10;Clean &amp; maintainable test code requires zero unnecessary code.&#10;Following stubbings are unnecessary (click to navigate to relevant line of code):&#10;  1. -&gt; at com.provet.catalogo.MedServiceTest.eliminar_medicamentoExiste_eliminaCorrectamente(MedServiceTest.java:113)&#10;Please remove unnecessary stubbings or use &apos;lenient&apos; strictness. More info: javadoc for UnnecessaryStubbingException class." type="org.mockito.exceptions.misusing.UnnecessaryStubbingException"><![CDATA[org.mockito.exceptions.misusing.UnnecessaryStubbingException: 

Unnecessary stubbings detected.
Clean & maintainable test code requires zero unnecessary code.
Following stubbings are unnecessary (click to navigate to relevant line of code):
  1. -> at com.provet.catalogo.MedServiceTest.eliminar_medicamentoExiste_eliminaCorrectamente(MedServiceTest.java:113)
Please remove unnecessary stubbings or use 'lenient' strictness. More info: javadoc for UnnecessaryStubbingException class.
	at org.mockito.junit.jupiter.MockitoExtension.lambda$afterEach$2(MockitoExtension.java:200)
	at java.base/java.util.Optional.ifPresent(Optional.java:178)
	at org.mockito.junit.jupiter.MockitoExtension.afterEach(MockitoExtension.java:198)
	at java.base/java.util.ArrayList.forEach(ArrayList.java:1604)
	at java.base/java.util.ArrayList.forEach(ArrayList.java:1604)
]]></error>
    <system-err><![CDATA[Mockito is currently self-attaching to enable the inline-mock-maker. This will no longer work in future releases of the JDK. Please add Mockito as an agent to your build as described in Mockito's documentation: https://javadoc.io/doc/org.mockito/mockito-core/latest/org.mockito/org/mockito/Mockito.html#0.3
WARNING: A Java agent has been loaded dynamically (C:\Users\mcord\.m2\repository\net\bytebuddy\byte-buddy-agent\1.17.8\byte-buddy-agent-1.17.8.jar)
WARNING: If a serviceability tool is in use, please run with -XX:+EnableDynamicAgentLoading to hide this warning
WARNING: If a serviceability tool is not in use, please run with -Djdk.instrument.traceUsage for more information
WARNING: Dynamic loading of agents will be disallowed by default in a future release
]]></system-err>
  </testcase>
  <testcase name="obtenerPorId_medicamentoExiste_retornaDTO" classname="com.provet.catalogo.MedServiceTest" time="0.104"/>
  <testcase name="obtenerTodos_retornaListaCompleta" classname="com.provet.catalogo.MedServiceTest" time="0.013"/>
  <testcase name="obtenerPorId_medicamentoNoExiste_lanzaExcepcion" classname="com.provet.catalogo.MedServiceTest" time="0.006"/>
  <testcase name="crear_datosValidos_retornaMedicamentoCreado" classname="com.provet.catalogo.MedServiceTest" time="0.008">
    <error message="Categoria no encontrada con Id 1" type="java.lang.RuntimeException"><![CDATA[java.lang.RuntimeException: Categoria no encontrada con Id 1
	at com.provet.catalogo.service.MedService.lambda$guardar$0(MedService.java:38)
	at java.base/java.util.Optional.orElseThrow(Optional.java:403)
	at com.provet.catalogo.service.MedService.guardar(MedService.java:38)
	at com.provet.catalogo.MedServiceTest.crear_datosValidos_retornaMedicamentoCreado(MedServiceTest.java:105)
]]></error>
  </testcase>
  <testcase name="eliminar_medicamentoNoExiste_lanzaExcepcion" classname="com.provet.catalogo.MedServiceTest" time="0.008">
    <failure message="&#10;Expecting code to raise a throwable." type="java.lang.AssertionError"><![CDATA[java.lang.AssertionError: 

Expecting code to raise a throwable.
	at com.provet.catalogo.MedServiceTest.eliminar_medicamentoNoExiste_lanzaExcepcion(MedServiceTest.java:124)
]]></failure>
  </testcase>
</testsuite>